<?xml version="1.0" encoding="UTF-8"?>
<testsuite xmlns:xsi="http://www.w3.org/2001/XMLSchema-instance" xsi:noNamespaceSchemaLocation="https://maven.apache.org/surefire/maven-surefire-plugin/xsd/surefire-test-report.xsd" name="com.rmxc.audit.AuditApplicationTests" time="0.29" tests="1" errors="1" skipped="0" failures="0">
  <properties>
    <property name="sun.desktop" value="windows"/>
    <property name="awt.toolkit" value="sun.awt.windows.WToolkit"/>
    <property name="file.encoding.pkg" value="sun.io"/>
    <property name="java.specification.version" value="1.8"/>
    <property name="sun.cpu.isalist" value="amd64"/>
    <property name="sun.jnu.encoding" value="GBK"/>
    <property name="java.class.path" value="E:\gitData\wangfuj\audit\target\test-classes;E:\gitData\wangfuj\audit\target\classes;D:\Program Files\repository_maven\org\springframework\boot\spring-boot-starter\2.4.3\spring-boot-starter-2.4.3.jar;D:\Program Files\repository_maven\org\springframework\boot\spring-boot\2.4.3\spring-boot-2.4.3.jar;D:\Program Files\repository_maven\org\springframework\spring-context\5.3.4\spring-context-5.3.4.jar;D:\Program Files\repository_maven\org\springframework\spring-beans\5.3.4\spring-beans-5.3.4.jar;D:\Program Files\repository_maven\org\springframework\spring-expression\5.3.4\spring-expression-5.3.4.jar;D:\Program Files\repository_maven\org\springframework\boot\spring-boot-autoconfigure\2.4.3\spring-boot-autoconfigure-2.4.3.jar;D:\Program Files\repository_maven\org\springframework\boot\spring-boot-starter-logging\2.4.3\spring-boot-starter-logging-2.4.3.jar;D:\Program Files\repository_maven\ch\qos\logback\logback-classic\1.2.3\logback-classic-1.2.3.jar;D:\Program Files\repository_maven\ch\qos\logback\logback-core\1.2.3\logback-core-1.2.3.jar;D:\Program Files\repository_maven\org\apache\logging\log4j\log4j-to-slf4j\2.13.3\log4j-to-slf4j-2.13.3.jar;D:\Program Files\repository_maven\org\apache\logging\log4j\log4j-api\2.13.3\log4j-api-2.13.3.jar;D:\Program Files\repository_maven\org\slf4j\jul-to-slf4j\1.7.30\jul-to-slf4j-1.7.30.jar;D:\Program Files\repository_maven\jakarta\annotation\jakarta.annotation-api\1.3.5\jakarta.annotation-api-1.3.5.jar;D:\Program Files\repository_maven\org\springframework\spring-core\5.3.4\spring-core-5.3.4.jar;D:\Program Files\repository_maven\org\springframework\spring-jcl\5.3.4\spring-jcl-5.3.4.jar;D:\Program Files\repository_maven\org\yaml\snakeyaml\1.27\snakeyaml-1.27.jar;D:\Program Files\repository_maven\org\projectlombok\lombok\1.18.18\lombok-1.18.18.jar;D:\Program Files\repository_maven\org\springframework\boot\spring-boot-starter-test\2.4.3\spring-boot-starter-test-2.4.3.jar;D:\Program Files\repository_maven\org\springframework\boot\spring-boot-test\2.4.3\spring-boot-test-2.4.3.jar;D:\Program Files\repository_maven\org\springframework\boot\spring-boot-test-autoconfigure\2.4.3\spring-boot-test-autoconfigure-2.4.3.jar;D:\Program Files\repository_maven\com\jayway\jsonpath\json-path\2.4.0\json-path-2.4.0.jar;D:\Program Files\repository_maven\net\minidev\json-smart\2.3\json-smart-2.3.jar;D:\Program Files\repository_maven\net\minidev\accessors-smart\1.2\accessors-smart-1.2.jar;D:\Program Files\repository_maven\org\ow2\asm\asm\5.0.4\asm-5.0.4.jar;D:\Program Files\repository_maven\jakarta\xml\bind\jakarta.xml.bind-api\2.3.3\jakarta.xml.bind-api-2.3.3.jar;D:\Program Files\repository_maven\jakarta\activation\jakarta.activation-api\1.2.2\jakarta.activation-api-1.2.2.jar;D:\Program Files\repository_maven\org\assertj\assertj-core\3.18.1\assertj-core-3.18.1.jar;D:\Program Files\repository_maven\org\hamcrest\hamcrest\2.2\hamcrest-2.2.jar;D:\Program Files\repository_maven\org\junit\jupiter\junit-jupiter\5.7.1\junit-jupiter-5.7.1.jar;D:\Program Files\repository_maven\org\junit\jupiter\junit-jupiter-api\5.7.1\junit-jupiter-api-5.7.1.jar;D:\Program Files\repository_maven\org\apiguardian\apiguardian-api\1.1.0\apiguardian-api-1.1.0.jar;D:\Program Files\repository_maven\org\opentest4j\opentest4j\1.2.0\opentest4j-1.2.0.jar;D:\Program Files\repository_maven\org\junit\platform\junit-platform-commons\1.7.1\junit-platform-commons-1.7.1.jar;D:\Program Files\repository_maven\org\junit\jupiter\junit-jupiter-params\5.7.1\junit-jupiter-params-5.7.1.jar;D:\Program Files\repository_maven\org\junit\jupiter\junit-jupiter-engine\5.7.1\junit-jupiter-engine-5.7.1.jar;D:\Program Files\repository_maven\org\junit\platform\junit-platform-engine\1.7.1\junit-platform-engine-1.7.1.jar;D:\Program Files\repository_maven\org\mockito\mockito-core\3.6.28\mockito-core-3.6.28.jar;D:\Program Files\repository_maven\net\bytebuddy\byte-buddy\1.10.20\byte-buddy-1.10.20.jar;D:\Program Files\repository_maven\net\bytebuddy\byte-buddy-agent\1.10.20\byte-buddy-agent-1.10.20.jar;D:\Program Files\repository_maven\org\objenesis\objenesis\3.1\objenesis-3.1.jar;D:\Program Files\repository_maven\org\mockito\mockito-junit-jupiter\3.6.28\mockito-junit-jupiter-3.6.28.jar;D:\Program Files\repository_maven\org\skyscreamer\jsonassert\1.5.0\jsonassert-1.5.0.jar;D:\Program Files\repository_maven\com\vaadin\external\google\android-json\0.0.20131108.vaadin1\android-json-0.0.20131108.vaadin1.jar;D:\Program Files\repository_maven\org\springframework\spring-test\5.3.4\spring-test-5.3.4.jar;D:\Program Files\repository_maven\org\xmlunit\xmlunit-core\2.7.0\xmlunit-core-2.7.0.jar;D:\Program Files\repository_maven\org\springframework\boot\spring-boot-starter-data-redis\2.4.3\spring-boot-starter-data-redis-2.4.3.jar;D:\Program Files\repository_maven\org\springframework\data\spring-data-redis\2.4.5\spring-data-redis-2.4.5.jar;D:\Program Files\repository_maven\org\springframework\data\spring-data-keyvalue\2.4.5\spring-data-keyvalue-2.4.5.jar;D:\Program Files\repository_maven\org\springframework\data\spring-data-commons\2.4.5\spring-data-commons-2.4.5.jar;D:\Program Files\repository_maven\org\springframework\spring-tx\5.3.4\spring-tx-5.3.4.jar;D:\Program Files\repository_maven\org\springframework\spring-oxm\5.3.4\spring-oxm-5.3.4.jar;D:\Program Files\repository_maven\org\springframework\spring-aop\5.3.4\spring-aop-5.3.4.jar;D:\Program Files\repository_maven\org\springframework\spring-context-support\5.3.4\spring-context-support-5.3.4.jar;D:\Program Files\repository_maven\io\lettuce\lettuce-core\6.0.2.RELEASE\lettuce-core-6.0.2.RELEASE.jar;D:\Program Files\repository_maven\io\netty\netty-common\4.1.59.Final\netty-common-4.1.59.Final.jar;D:\Program Files\repository_maven\io\netty\netty-handler\4.1.59.Final\netty-handler-4.1.59.Final.jar;D:\Program Files\repository_maven\io\netty\netty-resolver\4.1.59.Final\netty-resolver-4.1.59.Final.jar;D:\Program Files\repository_maven\io\netty\netty-buffer\4.1.59.Final\netty-buffer-4.1.59.Final.jar;D:\Program Files\repository_maven\io\netty\netty-codec\4.1.59.Final\netty-codec-4.1.59.Final.jar;D:\Program Files\repository_maven\io\netty\netty-transport\4.1.59.Final\netty-transport-4.1.59.Final.jar;D:\Program Files\repository_maven\io\projectreactor\reactor-core\3.4.3\reactor-core-3.4.3.jar;D:\Program Files\repository_maven\org\reactivestreams\reactive-streams\1.0.3\reactive-streams-1.0.3.jar;D:\Program Files\repository_maven\org\apache\commons\commons-lang3\3.11\commons-lang3-3.11.jar;D:\Program Files\repository_maven\redis\clients\jedis\3.3.0\jedis-3.3.0.jar;D:\Program Files\repository_maven\org\slf4j\slf4j-api\1.7.30\slf4j-api-1.7.30.jar;D:\Program Files\repository_maven\org\apache\commons\commons-pool2\2.9.0\commons-pool2-2.9.0.jar;D:\Program Files\repository_maven\com\baomidou\mybatis-plus-boot-starter\2.3\mybatis-plus-boot-starter-2.3.jar;D:\Program Files\repository_maven\com\baomidou\mybatis-plus\2.3\mybatis-plus-2.3.jar;D:\Program Files\repository_maven\com\baomidou\mybatis-plus-support\2.3\mybatis-plus-support-2.3.jar;D:\Program Files\repository_maven\com\baomidou\mybatis-plus-core\2.3\mybatis-plus-core-2.3.jar;D:\Program Files\repository_maven\com\github\jsqlparser\jsqlparser\1.1\jsqlparser-1.1.jar;D:\Program Files\repository_maven\org\mybatis\mybatis-spring\1.3.2\mybatis-spring-1.3.2.jar;D:\Program Files\repository_maven\org\mybatis\mybatis\3.4.6\mybatis-3.4.6.jar;D:\Program Files\repository_maven\com\baomidou\mybatis-plus-generate\2.3\mybatis-plus-generate-2.3.jar;D:\Program Files\repository_maven\org\springframework\boot\spring-boot-starter-jdbc\2.4.3\spring-boot-starter-jdbc-2.4.3.jar;D:\Program Files\repository_maven\com\zaxxer\HikariCP\3.4.5\HikariCP-3.4.5.jar;D:\Program Files\repository_maven\org\springframework\spring-jdbc\5.3.4\spring-jdbc-5.3.4.jar;D:\Program Files\repository_maven\org\sybase\jconn4\4.0\jconn4-4.0.jar;D:\Program Files\repository_maven\org\apache\hadoop\hadoop-hdfs\2.6.4\hadoop-hdfs-2.6.4.jar;D:\Program Files\repository_maven\com\google\guava\guava\11.0.2\guava-11.0.2.jar;D:\Program Files\repository_maven\org\mortbay\jetty\jetty\6.1.26\jetty-6.1.26.jar;D:\Program Files\repository_maven\org\mortbay\jetty\jetty-util\6.1.26\jetty-util-6.1.26.jar;D:\Program Files\repository_maven\com\sun\jersey\jersey-core\1.9\jersey-core-1.9.jar;D:\Program Files\repository_maven\com\sun\jersey\jersey-server\1.9\jersey-server-1.9.jar;D:\Program Files\repository_maven\asm\asm\3.1\asm-3.1.jar;D:\Program Files\repository_maven\commons-codec\commons-codec\1.15\commons-codec-1.15.jar;D:\Program Files\repository_maven\commons-io\commons-io\2.4\commons-io-2.4.jar;D:\Program Files\repository_maven\commons-lang\commons-lang\2.6\commons-lang-2.6.jar;D:\Program Files\repository_maven\commons-logging\commons-logging\1.1.3\commons-logging-1.1.3.jar;D:\Program Files\repository_maven\commons-daemon\commons-daemon\1.0.13\commons-daemon-1.0.13.jar;D:\Program Files\repository_maven\javax\servlet\jsp\jsp-api\2.1\jsp-api-2.1.jar;D:\Program Files\repository_maven\log4j\log4j\1.2.17\log4j-1.2.17.jar;D:\Program Files\repository_maven\com\google\protobuf\protobuf-java\2.5.0\protobuf-java-2.5.0.jar;D:\Program Files\repository_maven\javax\servlet\servlet-api\2.5\servlet-api-2.5.jar;D:\Program Files\repository_maven\org\codehaus\jackson\jackson-core-asl\1.9.13\jackson-core-asl-1.9.13.jar;D:\Program Files\repository_maven\org\codehaus\jackson\jackson-mapper-asl\1.9.13\jackson-mapper-asl-1.9.13.jar;D:\Program Files\repository_maven\tomcat\jasper-runtime\5.5.23\jasper-runtime-5.5.23.jar;D:\Program Files\repository_maven\xmlenc\xmlenc\0.52\xmlenc-0.52.jar;D:\Program Files\repository_maven\io\netty\netty\3.6.2.Final\netty-3.6.2.Final.jar;D:\Program Files\repository_maven\xerces\xercesImpl\2.9.1\xercesImpl-2.9.1.jar;D:\Program Files\repository_maven\xml-apis\xml-apis\1.3.04\xml-apis-1.3.04.jar;D:\Program Files\repository_maven\org\htrace\htrace-core\3.0.4\htrace-core-3.0.4.jar;D:\Program Files\repository_maven\org\apache\hadoop\hadoop-common\2.6.4\hadoop-common-2.6.4.jar;D:\Program Files\repository_maven\org\apache\hadoop\hadoop-annotations\2.6.4\hadoop-annotations-2.6.4.jar;D:\Program Files\jdk1.8.0_74\jre\..\lib\tools.jar;D:\Program Files\repository_maven\org\apache\commons\commons-math3\3.1.1\commons-math3-3.1.1.jar;D:\Program Files\repository_maven\commons-httpclient\commons-httpclient\3.1\commons-httpclient-3.1.jar;D:\Program Files\repository_maven\commons-net\commons-net\3.1\commons-net-3.1.jar;D:\Program Files\repository_maven\commons-collections\commons-collections\3.2.2\commons-collections-3.2.2.jar;D:\Program Files\repository_maven\com\sun\jersey\jersey-json\1.9\jersey-json-1.9.jar;D:\Program Files\repository_maven\org\codehaus\jettison\jettison\1.1\jettison-1.1.jar;D:\Program Files\repository_maven\com\sun\xml\bind\jaxb-impl\2.2.3-1\jaxb-impl-2.2.3-1.jar;D:\Program Files\repository_maven\javax\xml\bind\jaxb-api\2.3.1\jaxb-api-2.3.1.jar;D:\Program Files\repository_maven\javax\activation\javax.activation-api\1.2.0\javax.activation-api-1.2.0.jar;D:\Program Files\repository_maven\org\codehaus\jackson\jackson-jaxrs\1.8.3\jackson-jaxrs-1.8.3.jar;D:\Program Files\repository_maven\org\codehaus\jackson\jackson-xc\1.8.3\jackson-xc-1.8.3.jar;D:\Program Files\repository_maven\tomcat\jasper-compiler\5.5.23\jasper-compiler-5.5.23.jar;D:\Program Files\repository_maven\commons-el\commons-el\1.0\commons-el-1.0.jar;D:\Program Files\repository_maven\net\java\dev\jets3t\jets3t\0.9.0\jets3t-0.9.0.jar;D:\Program Files\repository_maven\com\jamesmurty\utils\java-xmlbuilder\0.4\java-xmlbuilder-0.4.jar;D:\Program Files\repository_maven\commons-configuration\commons-configuration\1.6\commons-configuration-1.6.jar;D:\Program Files\repository_maven\commons-digester\commons-digester\1.8\commons-digester-1.8.jar;D:\Program Files\repository_maven\commons-beanutils\commons-beanutils\1.7.0\commons-beanutils-1.7.0.jar;D:\Program Files\repository_maven\commons-beanutils\commons-beanutils-core\1.8.0\commons-beanutils-core-1.8.0.jar;D:\Program Files\repository_maven\org\slf4j\slf4j-log4j12\1.7.30\slf4j-log4j12-1.7.30.jar;D:\Program Files\repository_maven\org\apache\avro\avro\1.7.4\avro-1.7.4.jar;D:\Program Files\repository_maven\com\thoughtworks\paranamer\paranamer\2.3\paranamer-2.3.jar;D:\Program Files\repository_maven\org\xerial\snappy\snappy-java\1.0.4.1\snappy-java-1.0.4.1.jar;D:\Program Files\repository_maven\com\google\code\gson\gson\2.8.6\gson-2.8.6.jar;D:\Program Files\repository_maven\org\apache\hadoop\hadoop-auth\2.6.4\hadoop-auth-2.6.4.jar;D:\Program Files\repository_maven\org\apache\directory\server\apacheds-kerberos-codec\2.0.0-M15\apacheds-kerberos-codec-2.0.0-M15.jar;D:\Program Files\repository_maven\org\apache\directory\server\apacheds-i18n\2.0.0-M15\apacheds-i18n-2.0.0-M15.jar;D:\Program Files\repository_maven\org\apache\directory\api\api-asn1-api\1.0.0-M20\api-asn1-api-1.0.0-M20.jar;D:\Program Files\repository_maven\org\apache\directory\api\api-util\1.0.0-M20\api-util-1.0.0-M20.jar;D:\Program Files\repository_maven\com\jcraft\jsch\0.1.42\jsch-0.1.42.jar;D:\Program Files\repository_maven\org\apache\curator\curator-client\2.6.0\curator-client-2.6.0.jar;D:\Program Files\repository_maven\org\apache\curator\curator-recipes\2.6.0\curator-recipes-2.6.0.jar;D:\Program Files\repository_maven\com\google\code\findbugs\jsr305\1.3.9\jsr305-1.3.9.jar;D:\Program Files\repository_maven\org\apache\zookeeper\zookeeper\3.4.6\zookeeper-3.4.6.jar;D:\Program Files\repository_maven\org\apache\commons\commons-compress\1.4.1\commons-compress-1.4.1.jar;D:\Program Files\repository_maven\org\tukaani\xz\1.0\xz-1.0.jar;D:\Program Files\repository_maven\org\apache\hive\hive-exec\1.1.0\hive-exec-1.1.0.jar;D:\Program Files\repository_maven\org\apache\hive\hive-ant\1.1.0\hive-ant-1.1.0.jar;D:\Program Files\repository_maven\org\apache\velocity\velocity\1.5\velocity-1.5.jar;D:\Program Files\repository_maven\oro\oro\2.0.8\oro-2.0.8.jar;D:\Program Files\repository_maven\org\apache\hive\hive-metastore\1.1.0\hive-metastore-1.1.0.jar;D:\Program Files\repository_maven\com\jolbox\bonecp\0.8.0.RELEASE\bonecp-0.8.0.RELEASE.jar;D:\Program Files\repository_maven\org\apache\derby\derby\10.14.2.0\derby-10.14.2.0.jar;D:\Program Files\repository_maven\org\datanucleus\datanucleus-api-jdo\3.2.6\datanucleus-api-jdo-3.2.6.jar;D:\Program Files\repository_maven\org\datanucleus\datanucleus-rdbms\3.2.9\datanucleus-rdbms-3.2.9.jar;D:\Program Files\repository_maven\commons-pool\commons-pool\1.6\commons-pool-1.6.jar;D:\Program Files\repository_maven\commons-dbcp\commons-dbcp\1.4\commons-dbcp-1.4.jar;D:\Program Files\repository_maven\javax\jdo\jdo-api\3.0.1\jdo-api-3.0.1.jar;D:\Program Files\repository_maven\javax\transaction\jta\1.1\jta-1.1.jar;D:\Program Files\repository_maven\org\apache\hive\hive-shims\1.1.0\hive-shims-1.1.0.jar;D:\Program Files\repository_maven\org\apache\hive\shims\hive-shims-common\1.1.0\hive-shims-common-1.1.0.jar;D:\Program Files\repository_maven\org\apache\hive\shims\hive-shims-0.20S\1.1.0\hive-shims-0.20S-1.1.0.jar;D:\Program Files\repository_maven\org\apache\hive\shims\hive-shims-0.23\1.1.0\hive-shims-0.23-1.1.0.jar;D:\Program Files\repository_maven\org\apache\hadoop\hadoop-yarn-server-resourcemanager\2.6.0\hadoop-yarn-server-resourcemanager-2.6.0.jar;D:\Program Files\repository_maven\com\google\inject\extensions\guice-servlet\3.0\guice-servlet-3.0.jar;D:\Program Files\repository_maven\com\google\inject\guice\3.0\guice-3.0.jar;D:\Program Files\repository_maven\javax\inject\javax.inject\1\javax.inject-1.jar;D:\Program Files\repository_maven\aopalliance\aopalliance\1.0\aopalliance-1.0.jar;D:\Program Files\repository_maven\com\sun\jersey\contribs\jersey-guice\1.9\jersey-guice-1.9.jar;D:\Program Files\repository_maven\org\apache\hadoop\hadoop-yarn-common\2.6.0\hadoop-yarn-common-2.6.0.jar;D:\Program Files\repository_maven\org\apache\hadoop\hadoop-yarn-api\2.6.0\hadoop-yarn-api-2.6.0.jar;D:\Program Files\repository_maven\com\sun\jersey\jersey-client\1.9\jersey-client-1.9.jar;D:\Program Files\repository_maven\org\apache\hadoop\hadoop-yarn-server-common\2.6.0\hadoop-yarn-server-common-2.6.0.jar;D:\Program Files\repository_maven\org\fusesource\leveldbjni\leveldbjni-all\1.8\leveldbjni-all-1.8.jar;D:\Program Files\repository_maven\org\apache\hadoop\hadoop-yarn-server-applicationhistoryservice\2.6.0\hadoop-yarn-server-applicationhistoryservice-2.6.0.jar;D:\Program Files\repository_maven\org\apache\hadoop\hadoop-yarn-server-web-proxy\2.6.0\hadoop-yarn-server-web-proxy-2.6.0.jar;D:\Program Files\repository_maven\org\apache\hive\shims\hive-shims-scheduler\1.1.0\hive-shims-scheduler-1.1.0.jar;D:\Program Files\repository_maven\log4j\apache-log4j-extras\1.2.17\apache-log4j-extras-1.2.17.jar;D:\Program Files\repository_maven\org\antlr\antlr-runtime\3.4\antlr-runtime-3.4.jar;D:\Program Files\repository_maven\org\antlr\stringtemplate\3.2.1\stringtemplate-3.2.1.jar;D:\Program Files\repository_maven\antlr\antlr\2.7.7\antlr-2.7.7.jar;D:\Program Files\repository_maven\org\antlr\ST4\4.0.4\ST4-4.0.4.jar;D:\Program Files\repository_maven\org\apache\ant\ant\1.9.1\ant-1.9.1.jar;D:\Program Files\repository_maven\org\apache\ant\ant-launcher\1.9.1\ant-launcher-1.9.1.jar;D:\Program Files\repository_maven\org\apache\thrift\libfb303\0.9.2\libfb303-0.9.2.jar;D:\Program Files\repository_maven\org\apache\curator\curator-framework\2.6.0\curator-framework-2.6.0.jar;D:\Program Files\repository_maven\org\codehaus\groovy\groovy-all\2.1.6\groovy-all-2.1.6.jar;D:\Program Files\repository_maven\org\datanucleus\datanucleus-core\3.2.10\datanucleus-core-3.2.10.jar;D:\Program Files\repository_maven\org\apache\calcite\calcite-core\1.0.0-incubating\calcite-core-1.0.0-incubating.jar;D:\Program Files\repository_maven\org\apache\calcite\calcite-linq4j\1.0.0-incubating\calcite-linq4j-1.0.0-incubating.jar;D:\Program Files\repository_maven\eigenbase\eigenbase-properties\1.1.4\eigenbase-properties-1.1.4.jar;D:\Program Files\repository_maven\org\codehaus\janino\janino\3.1.3\janino-3.1.3.jar;D:\Program Files\repository_maven\org\codehaus\janino\commons-compiler\3.1.3\commons-compiler-3.1.3.jar;D:\Program Files\repository_maven\org\apache\calcite\calcite-avatica\1.0.0-incubating\calcite-avatica-1.0.0-incubating.jar;D:\Program Files\repository_maven\stax\stax-api\1.0.1\stax-api-1.0.1.jar;D:\Program Files\repository_maven\jline\jline\2.12\jline-2.12.jar;D:\Program Files\repository_maven\org\apache\hive\hive-jdbc\1.1.0\hive-jdbc-1.1.0.jar;D:\Program Files\repository_maven\org\apache\hive\hive-common\1.1.0\hive-common-1.1.0.jar;D:\Program Files\repository_maven\org\apache\hive\hive-service\1.1.0\hive-service-1.1.0.jar;D:\Program Files\repository_maven\net\sf\jpam\jpam\1.1\jpam-1.1.jar;D:\Program Files\repository_maven\org\eclipse\jetty\aggregate\jetty-all\7.6.0.v20120127\jetty-all-7.6.0.v20120127.jar;D:\Program Files\repository_maven\org\apache\geronimo\specs\geronimo-jta_1.1_spec\1.1.1\geronimo-jta_1.1_spec-1.1.1.jar;D:\Program Files\repository_maven\javax\mail\mail\1.4.1\mail-1.4.1.jar;D:\Program Files\repository_maven\javax\activation\activation\1.1\activation-1.1.jar;D:\Program Files\repository_maven\org\apache\geronimo\specs\geronimo-jaspic_1.0_spec\1.0\geronimo-jaspic_1.0_spec-1.0.jar;D:\Program Files\repository_maven\org\apache\geronimo\specs\geronimo-annotation_1.0_spec\1.1.1\geronimo-annotation_1.0_spec-1.1.1.jar;D:\Program Files\repository_maven\asm\asm-commons\3.1\asm-commons-3.1.jar;D:\Program Files\repository_maven\asm\asm-tree\3.1\asm-tree-3.1.jar;D:\Program Files\repository_maven\org\apache\hive\hive-serde\1.1.0\hive-serde-1.1.0.jar;D:\Program Files\repository_maven\net\sf\opencsv\opencsv\2.3\opencsv-2.3.jar;D:\Program Files\repository_maven\com\twitter\parquet-hadoop-bundle\1.6.0rc3\parquet-hadoop-bundle-1.6.0rc3.jar;D:\Program Files\repository_maven\org\apache\httpcomponents\httpclient\4.5.13\httpclient-4.5.13.jar;D:\Program Files\repository_maven\org\apache\httpcomponents\httpcore\4.4.14\httpcore-4.4.14.jar;D:\Program Files\repository_maven\org\apache\thrift\libthrift\0.9.2\libthrift-0.9.2.jar;D:\Program Files\repository_maven\com\alibaba\fastjson\1.2.70\fastjson-1.2.70.jar;D:\Program Files\repository_maven\mysql\mysql-connector-java\5.1.45\mysql-connector-java-5.1.45.jar;D:\Program Files\repository_maven\commons-cli\commons-cli\1.2\commons-cli-1.2.jar;D:\Program Files\repository_maven\com\github\shyiko\mysql-binlog-connector-java\0.20.1\mysql-binlog-connector-java-0.20.1.jar;D:\Program Files\repository_maven\com\youzan\cloud\open-sdk-gen\1.0.22.49667202107091531-RELEASE\open-sdk-gen-1.0.22.49667202107091531-RELEASE.jar;D:\Program Files\repository_maven\com\youzan\cloud\open-sdk-api\1.0.22-RELEASE\open-sdk-api-1.0.22-RELEASE.jar;D:\Program Files\repository_maven\com\youzan\cloud\open-sdk-core\1.0.22-RELEASE\open-sdk-core-1.0.22-RELEASE.jar;D:\Program Files\repository_maven\com\squareup\okhttp3\okhttp\3.14.9\okhttp-3.14.9.jar;D:\Program Files\repository_maven\com\squareup\okio\okio\1.17.2\okio-1.17.2.jar;D:\Program Files\repository_maven\com\youzan\cloud\cloud-open-data-security-client-sdk\1.0.13-RELEASE\cloud-open-data-security-client-sdk-1.0.13-RELEASE.jar;D:\Program Files\repository_maven\com\youzan\cloud\cloud-open-data-security-basic-sdk\1.0.7-RELEASE\cloud-open-data-security-basic-sdk-1.0.7-RELEASE.jar;D:\Program Files\repository_maven\com\youzan\cloud\open-sdk-common\1.0.22-RELEASE\open-sdk-common-1.0.22-RELEASE.jar;"/>
    <property name="java.vm.vendor" value="Oracle Corporation"/>
    <property name="sun.arch.data.model" value="64"/>
    <property name="user.variant" value=""/>
    <property name="java.vendor.url" value="http://java.oracle.com/"/>
    <property name="user.timezone" value="Asia/Shanghai"/>
    <property name="java.vm.specification.version" value="1.8"/>
    <property name="os.name" value="Windows 10"/>
    <property name="user.country" value="CN"/>
    <property name="sun.java.launcher" value="SUN_STANDARD"/>
    <property name="sun.boot.library.path" value="D:\Program Files\jdk1.8.0_74\jre\bin"/>
    <property name="sun.java.command" value="C:\Users\ADMINI~1\AppData\Local\Temp\surefire214447047557962503\surefirebooter3335057354741112832.jar C:\Users\Administrator\AppData\Local\Temp\surefire214447047557962503 2021-07-13T11-04-36_895-jvmRun1 surefire744951928140074716tmp surefire_01111678645172077523tmp"/>
    <property name="surefire.test.class.path" value="E:\gitData\wangfuj\audit\target\test-classes;E:\gitData\wangfuj\audit\target\classes;D:\Program Files\repository_maven\org\springframework\boot\spring-boot-starter\2.4.3\spring-boot-starter-2.4.3.jar;D:\Program Files\repository_maven\org\springframework\boot\spring-boot\2.4.3\spring-boot-2.4.3.jar;D:\Program Files\repository_maven\org\springframework\spring-context\5.3.4\spring-context-5.3.4.jar;D:\Program Files\repository_maven\org\springframework\spring-beans\5.3.4\spring-beans-5.3.4.jar;D:\Program Files\repository_maven\org\springframework\spring-expression\5.3.4\spring-expression-5.3.4.jar;D:\Program Files\repository_maven\org\springframework\boot\spring-boot-autoconfigure\2.4.3\spring-boot-autoconfigure-2.4.3.jar;D:\Program Files\repository_maven\org\springframework\boot\spring-boot-starter-logging\2.4.3\spring-boot-starter-logging-2.4.3.jar;D:\Program Files\repository_maven\ch\qos\logback\logback-classic\1.2.3\logback-classic-1.2.3.jar;D:\Program Files\repository_maven\ch\qos\logback\logback-core\1.2.3\logback-core-1.2.3.jar;D:\Program Files\repository_maven\org\apache\logging\log4j\log4j-to-slf4j\2.13.3\log4j-to-slf4j-2.13.3.jar;D:\Program Files\repository_maven\org\apache\logging\log4j\log4j-api\2.13.3\log4j-api-2.13.3.jar;D:\Program Files\repository_maven\org\slf4j\jul-to-slf4j\1.7.30\jul-to-slf4j-1.7.30.jar;D:\Program Files\repository_maven\jakarta\annotation\jakarta.annotation-api\1.3.5\jakarta.annotation-api-1.3.5.jar;D:\Program Files\repository_maven\org\springframework\spring-core\5.3.4\spring-core-5.3.4.jar;D:\Program Files\repository_maven\org\springframework\spring-jcl\5.3.4\spring-jcl-5.3.4.jar;D:\Program Files\repository_maven\org\yaml\snakeyaml\1.27\snakeyaml-1.27.jar;D:\Program Files\repository_maven\org\projectlombok\lombok\1.18.18\lombok-1.18.18.jar;D:\Program Files\repository_maven\org\springframework\boot\spring-boot-starter-test\2.4.3\spring-boot-starter-test-2.4.3.jar;D:\Program Files\repository_maven\org\springframework\boot\spring-boot-test\2.4.3\spring-boot-test-2.4.3.jar;D:\Program Files\repository_maven\org\springframework\boot\spring-boot-test-autoconfigure\2.4.3\spring-boot-test-autoconfigure-2.4.3.jar;D:\Program Files\repository_maven\com\jayway\jsonpath\json-path\2.4.0\json-path-2.4.0.jar;D:\Program Files\repository_maven\net\minidev\json-smart\2.3\json-smart-2.3.jar;D:\Program Files\repository_maven\net\minidev\accessors-smart\1.2\accessors-smart-1.2.jar;D:\Program Files\repository_maven\org\ow2\asm\asm\5.0.4\asm-5.0.4.jar;D:\Program Files\repository_maven\jakarta\xml\bind\jakarta.xml.bind-api\2.3.3\jakarta.xml.bind-api-2.3.3.jar;D:\Program Files\repository_maven\jakarta\activation\jakarta.activation-api\1.2.2\jakarta.activation-api-1.2.2.jar;D:\Program Files\repository_maven\org\assertj\assertj-core\3.18.1\assertj-core-3.18.1.jar;D:\Program Files\repository_maven\org\hamcrest\hamcrest\2.2\hamcrest-2.2.jar;D:\Program Files\repository_maven\org\junit\jupiter\junit-jupiter\5.7.1\junit-jupiter-5.7.1.jar;D:\Program Files\repository_maven\org\junit\jupiter\junit-jupiter-api\5.7.1\junit-jupiter-api-5.7.1.jar;D:\Program Files\repository_maven\org\apiguardian\apiguardian-api\1.1.0\apiguardian-api-1.1.0.jar;D:\Program Files\repository_maven\org\opentest4j\opentest4j\1.2.0\opentest4j-1.2.0.jar;D:\Program Files\repository_maven\org\junit\platform\junit-platform-commons\1.7.1\junit-platform-commons-1.7.1.jar;D:\Program Files\repository_maven\org\junit\jupiter\junit-jupiter-params\5.7.1\junit-jupiter-params-5.7.1.jar;D:\Program Files\repository_maven\org\junit\jupiter\junit-jupiter-engine\5.7.1\junit-jupiter-engine-5.7.1.jar;D:\Program Files\repository_maven\org\junit\platform\junit-platform-engine\1.7.1\junit-platform-engine-1.7.1.jar;D:\Program Files\repository_maven\org\mockito\mockito-core\3.6.28\mockito-core-3.6.28.jar;D:\Program Files\repository_maven\net\bytebuddy\byte-buddy\1.10.20\byte-buddy-1.10.20.jar;D:\Program Files\repository_maven\net\bytebuddy\byte-buddy-agent\1.10.20\byte-buddy-agent-1.10.20.jar;D:\Program Files\repository_maven\org\objenesis\objenesis\3.1\objenesis-3.1.jar;D:\Program Files\repository_maven\org\mockito\mockito-junit-jupiter\3.6.28\mockito-junit-jupiter-3.6.28.jar;D:\Program Files\repository_maven\org\skyscreamer\jsonassert\1.5.0\jsonassert-1.5.0.jar;D:\Program Files\repository_maven\com\vaadin\external\google\android-json\0.0.20131108.vaadin1\android-json-0.0.20131108.vaadin1.jar;D:\Program Files\repository_maven\org\springframework\spring-test\5.3.4\spring-test-5.3.4.jar;D:\Program Files\repository_maven\org\xmlunit\xmlunit-core\2.7.0\xmlunit-core-2.7.0.jar;D:\Program Files\repository_maven\org\springframework\boot\spring-boot-starter-data-redis\2.4.3\spring-boot-starter-data-redis-2.4.3.jar;D:\Program Files\repository_maven\org\springframework\data\spring-data-redis\2.4.5\spring-data-redis-2.4.5.jar;D:\Program Files\repository_maven\org\springframework\data\spring-data-keyvalue\2.4.5\spring-data-keyvalue-2.4.5.jar;D:\Program Files\repository_maven\org\springframework\data\spring-data-commons\2.4.5\spring-data-commons-2.4.5.jar;D:\Program Files\repository_maven\org\springframework\spring-tx\5.3.4\spring-tx-5.3.4.jar;D:\Program Files\repository_maven\org\springframework\spring-oxm\5.3.4\spring-oxm-5.3.4.jar;D:\Program Files\repository_maven\org\springframework\spring-aop\5.3.4\spring-aop-5.3.4.jar;D:\Program Files\repository_maven\org\springframework\spring-context-support\5.3.4\spring-context-support-5.3.4.jar;D:\Program Files\repository_maven\io\lettuce\lettuce-core\6.0.2.RELEASE\lettuce-core-6.0.2.RELEASE.jar;D:\Program Files\repository_maven\io\netty\netty-common\4.1.59.Final\netty-common-4.1.59.Final.jar;D:\Program Files\repository_maven\io\netty\netty-handler\4.1.59.Final\netty-handler-4.1.59.Final.jar;D:\Program Files\repository_maven\io\netty\netty-resolver\4.1.59.Final\netty-resolver-4.1.59.Final.jar;D:\Program Files\repository_maven\io\netty\netty-buffer\4.1.59.Final\netty-buffer-4.1.59.Final.jar;D:\Program Files\repository_maven\io\netty\netty-codec\4.1.59.Final\netty-codec-4.1.59.Final.jar;D:\Program Files\repository_maven\io\netty\netty-transport\4.1.59.Final\netty-transport-4.1.59.Final.jar;D:\Program Files\repository_maven\io\projectreactor\reactor-core\3.4.3\reactor-core-3.4.3.jar;D:\Program Files\repository_maven\org\reactivestreams\reactive-streams\1.0.3\reactive-streams-1.0.3.jar;D:\Program Files\repository_maven\org\apache\commons\commons-lang3\3.11\commons-lang3-3.11.jar;D:\Program Files\repository_maven\redis\clients\jedis\3.3.0\jedis-3.3.0.jar;D:\Program Files\repository_maven\org\slf4j\slf4j-api\1.7.30\slf4j-api-1.7.30.jar;D:\Program Files\repository_maven\org\apache\commons\commons-pool2\2.9.0\commons-pool2-2.9.0.jar;D:\Program Files\repository_maven\com\baomidou\mybatis-plus-boot-starter\2.3\mybatis-plus-boot-starter-2.3.jar;D:\Program Files\repository_maven\com\baomidou\mybatis-plus\2.3\mybatis-plus-2.3.jar;D:\Program Files\repository_maven\com\baomidou\mybatis-plus-support\2.3\mybatis-plus-support-2.3.jar;D:\Program Files\repository_maven\com\baomidou\mybatis-plus-core\2.3\mybatis-plus-core-2.3.jar;D:\Program Files\repository_maven\com\github\jsqlparser\jsqlparser\1.1\jsqlparser-1.1.jar;D:\Program Files\repository_maven\org\mybatis\mybatis-spring\1.3.2\mybatis-spring-1.3.2.jar;D:\Program Files\repository_maven\org\mybatis\mybatis\3.4.6\mybatis-3.4.6.jar;D:\Program Files\repository_maven\com\baomidou\mybatis-plus-generate\2.3\mybatis-plus-generate-2.3.jar;D:\Program Files\repository_maven\org\springframework\boot\spring-boot-starter-jdbc\2.4.3\spring-boot-starter-jdbc-2.4.3.jar;D:\Program Files\repository_maven\com\zaxxer\HikariCP\3.4.5\HikariCP-3.4.5.jar;D:\Program Files\repository_maven\org\springframework\spring-jdbc\5.3.4\spring-jdbc-5.3.4.jar;D:\Program Files\repository_maven\org\sybase\jconn4\4.0\jconn4-4.0.jar;D:\Program Files\repository_maven\org\apache\hadoop\hadoop-hdfs\2.6.4\hadoop-hdfs-2.6.4.jar;D:\Program Files\repository_maven\com\google\guava\guava\11.0.2\guava-11.0.2.jar;D:\Program Files\repository_maven\org\mortbay\jetty\jetty\6.1.26\jetty-6.1.26.jar;D:\Program Files\repository_maven\org\mortbay\jetty\jetty-util\6.1.26\jetty-util-6.1.26.jar;D:\Program Files\repository_maven\com\sun\jersey\jersey-core\1.9\jersey-core-1.9.jar;D:\Program Files\repository_maven\com\sun\jersey\jersey-server\1.9\jersey-server-1.9.jar;D:\Program Files\repository_maven\asm\asm\3.1\asm-3.1.jar;D:\Program Files\repository_maven\commons-codec\commons-codec\1.15\commons-codec-1.15.jar;D:\Program Files\repository_maven\commons-io\commons-io\2.4\commons-io-2.4.jar;D:\Program Files\repository_maven\commons-lang\commons-lang\2.6\commons-lang-2.6.jar;D:\Program Files\repository_maven\commons-logging\commons-logging\1.1.3\commons-logging-1.1.3.jar;D:\Program Files\repository_maven\commons-daemon\commons-daemon\1.0.13\commons-daemon-1.0.13.jar;D:\Program Files\repository_maven\javax\servlet\jsp\jsp-api\2.1\jsp-api-2.1.jar;D:\Program Files\repository_maven\log4j\log4j\1.2.17\log4j-1.2.17.jar;D:\Program Files\repository_maven\com\google\protobuf\protobuf-java\2.5.0\protobuf-java-2.5.0.jar;D:\Program Files\repository_maven\javax\servlet\servlet-api\2.5\servlet-api-2.5.jar;D:\Program Files\repository_maven\org\codehaus\jackson\jackson-core-asl\1.9.13\jackson-core-asl-1.9.13.jar;D:\Program Files\repository_maven\org\codehaus\jackson\jackson-mapper-asl\1.9.13\jackson-mapper-asl-1.9.13.jar;D:\Program Files\repository_maven\tomcat\jasper-runtime\5.5.23\jasper-runtime-5.5.23.jar;D:\Program Files\repository_maven\xmlenc\xmlenc\0.52\xmlenc-0.52.jar;D:\Program Files\repository_maven\io\netty\netty\3.6.2.Final\netty-3.6.2.Final.jar;D:\Program Files\repository_maven\xerces\xercesImpl\2.9.1\xercesImpl-2.9.1.jar;D:\Program Files\repository_maven\xml-apis\xml-apis\1.3.04\xml-apis-1.3.04.jar;D:\Program Files\repository_maven\org\htrace\htrace-core\3.0.4\htrace-core-3.0.4.jar;D:\Program Files\repository_maven\org\apache\hadoop\hadoop-common\2.6.4\hadoop-common-2.6.4.jar;D:\Program Files\repository_maven\org\apache\hadoop\hadoop-annotations\2.6.4\hadoop-annotations-2.6.4.jar;D:\Program Files\jdk1.8.0_74\jre\..\lib\tools.jar;D:\Program Files\repository_maven\org\apache\commons\commons-math3\3.1.1\commons-math3-3.1.1.jar;D:\Program Files\repository_maven\commons-httpclient\commons-httpclient\3.1\commons-httpclient-3.1.jar;D:\Program Files\repository_maven\commons-net\commons-net\3.1\commons-net-3.1.jar;D:\Program Files\repository_maven\commons-collections\commons-collections\3.2.2\commons-collections-3.2.2.jar;D:\Program Files\repository_maven\com\sun\jersey\jersey-json\1.9\jersey-json-1.9.jar;D:\Program Files\repository_maven\org\codehaus\jettison\jettison\1.1\jettison-1.1.jar;D:\Program Files\repository_maven\com\sun\xml\bind\jaxb-impl\2.2.3-1\jaxb-impl-2.2.3-1.jar;D:\Program Files\repository_maven\javax\xml\bind\jaxb-api\2.3.1\jaxb-api-2.3.1.jar;D:\Program Files\repository_maven\javax\activation\javax.activation-api\1.2.0\javax.activation-api-1.2.0.jar;D:\Program Files\repository_maven\org\codehaus\jackson\jackson-jaxrs\1.8.3\jackson-jaxrs-1.8.3.jar;D:\Program Files\repository_maven\org\codehaus\jackson\jackson-xc\1.8.3\jackson-xc-1.8.3.jar;D:\Program Files\repository_maven\tomcat\jasper-compiler\5.5.23\jasper-compiler-5.5.23.jar;D:\Program Files\repository_maven\commons-el\commons-el\1.0\commons-el-1.0.jar;D:\Program Files\repository_maven\net\java\dev\jets3t\jets3t\0.9.0\jets3t-0.9.0.jar;D:\Program Files\repository_maven\com\jamesmurty\utils\java-xmlbuilder\0.4\java-xmlbuilder-0.4.jar;D:\Program Files\repository_maven\commons-configuration\commons-configuration\1.6\commons-configuration-1.6.jar;D:\Program Files\repository_maven\commons-digester\commons-digester\1.8\commons-digester-1.8.jar;D:\Program Files\repository_maven\commons-beanutils\commons-beanutils\1.7.0\commons-beanutils-1.7.0.jar;D:\Program Files\repository_maven\commons-beanutils\commons-beanutils-core\1.8.0\commons-beanutils-core-1.8.0.jar;D:\Program Files\repository_maven\org\slf4j\slf4j-log4j12\1.7.30\slf4j-log4j12-1.7.30.jar;D:\Program Files\repository_maven\org\apache\avro\avro\1.7.4\avro-1.7.4.jar;D:\Program Files\repository_maven\com\thoughtworks\paranamer\paranamer\2.3\paranamer-2.3.jar;D:\Program Files\repository_maven\org\xerial\snappy\snappy-java\1.0.4.1\snappy-java-1.0.4.1.jar;D:\Program Files\repository_maven\com\google\code\gson\gson\2.8.6\gson-2.8.6.jar;D:\Program Files\repository_maven\org\apache\hadoop\hadoop-auth\2.6.4\hadoop-auth-2.6.4.jar;D:\Program Files\repository_maven\org\apache\directory\server\apacheds-kerberos-codec\2.0.0-M15\apacheds-kerberos-codec-2.0.0-M15.jar;D:\Program Files\repository_maven\org\apache\directory\server\apacheds-i18n\2.0.0-M15\apacheds-i18n-2.0.0-M15.jar;D:\Program Files\repository_maven\org\apache\directory\api\api-asn1-api\1.0.0-M20\api-asn1-api-1.0.0-M20.jar;D:\Program Files\repository_maven\org\apache\directory\api\api-util\1.0.0-M20\api-util-1.0.0-M20.jar;D:\Program Files\repository_maven\com\jcraft\jsch\0.1.42\jsch-0.1.42.jar;D:\Program Files\repository_maven\org\apache\curator\curator-client\2.6.0\curator-client-2.6.0.jar;D:\Program Files\repository_maven\org\apache\curator\curator-recipes\2.6.0\curator-recipes-2.6.0.jar;D:\Program Files\repository_maven\com\google\code\findbugs\jsr305\1.3.9\jsr305-1.3.9.jar;D:\Program Files\repository_maven\org\apache\zookeeper\zookeeper\3.4.6\zookeeper-3.4.6.jar;D:\Program Files\repository_maven\org\apache\commons\commons-compress\1.4.1\commons-compress-1.4.1.jar;D:\Program Files\repository_maven\org\tukaani\xz\1.0\xz-1.0.jar;D:\Program Files\repository_maven\org\apache\hive\hive-exec\1.1.0\hive-exec-1.1.0.jar;D:\Program Files\repository_maven\org\apache\hive\hive-ant\1.1.0\hive-ant-1.1.0.jar;D:\Program Files\repository_maven\org\apache\velocity\velocity\1.5\velocity-1.5.jar;D:\Program Files\repository_maven\oro\oro\2.0.8\oro-2.0.8.jar;D:\Program Files\repository_maven\org\apache\hive\hive-metastore\1.1.0\hive-metastore-1.1.0.jar;D:\Program Files\repository_maven\com\jolbox\bonecp\0.8.0.RELEASE\bonecp-0.8.0.RELEASE.jar;D:\Program Files\repository_maven\org\apache\derby\derby\10.14.2.0\derby-10.14.2.0.jar;D:\Program Files\repository_maven\org\datanucleus\datanucleus-api-jdo\3.2.6\datanucleus-api-jdo-3.2.6.jar;D:\Program Files\repository_maven\org\datanucleus\datanucleus-rdbms\3.2.9\datanucleus-rdbms-3.2.9.jar;D:\Program Files\repository_maven\commons-pool\commons-pool\1.6\commons-pool-1.6.jar;D:\Program Files\repository_maven\commons-dbcp\commons-dbcp\1.4\commons-dbcp-1.4.jar;D:\Program Files\repository_maven\javax\jdo\jdo-api\3.0.1\jdo-api-3.0.1.jar;D:\Program Files\repository_maven\javax\transaction\jta\1.1\jta-1.1.jar;D:\Program Files\repository_maven\org\apache\hive\hive-shims\1.1.0\hive-shims-1.1.0.jar;D:\Program Files\repository_maven\org\apache\hive\shims\hive-shims-common\1.1.0\hive-shims-common-1.1.0.jar;D:\Program Files\repository_maven\org\apache\hive\shims\hive-shims-0.20S\1.1.0\hive-shims-0.20S-1.1.0.jar;D:\Program Files\repository_maven\org\apache\hive\shims\hive-shims-0.23\1.1.0\hive-shims-0.23-1.1.0.jar;D:\Program Files\repository_maven\org\apache\hadoop\hadoop-yarn-server-resourcemanager\2.6.0\hadoop-yarn-server-resourcemanager-2.6.0.jar;D:\Program Files\repository_maven\com\google\inject\extensions\guice-servlet\3.0\guice-servlet-3.0.jar;D:\Program Files\repository_maven\com\google\inject\guice\3.0\guice-3.0.jar;D:\Program Files\repository_maven\javax\inject\javax.inject\1\javax.inject-1.jar;D:\Program Files\repository_maven\aopalliance\aopalliance\1.0\aopalliance-1.0.jar;D:\Program Files\repository_maven\com\sun\jersey\contribs\jersey-guice\1.9\jersey-guice-1.9.jar;D:\Program Files\repository_maven\org\apache\hadoop\hadoop-yarn-common\2.6.0\hadoop-yarn-common-2.6.0.jar;D:\Program Files\repository_maven\org\apache\hadoop\hadoop-yarn-api\2.6.0\hadoop-yarn-api-2.6.0.jar;D:\Program Files\repository_maven\com\sun\jersey\jersey-client\1.9\jersey-client-1.9.jar;D:\Program Files\repository_maven\org\apache\hadoop\hadoop-yarn-server-common\2.6.0\hadoop-yarn-server-common-2.6.0.jar;D:\Program Files\repository_maven\org\fusesource\leveldbjni\leveldbjni-all\1.8\leveldbjni-all-1.8.jar;D:\Program Files\repository_maven\org\apache\hadoop\hadoop-yarn-server-applicationhistoryservice\2.6.0\hadoop-yarn-server-applicationhistoryservice-2.6.0.jar;D:\Program Files\repository_maven\org\apache\hadoop\hadoop-yarn-server-web-proxy\2.6.0\hadoop-yarn-server-web-proxy-2.6.0.jar;D:\Program Files\repository_maven\org\apache\hive\shims\hive-shims-scheduler\1.1.0\hive-shims-scheduler-1.1.0.jar;D:\Program Files\repository_maven\log4j\apache-log4j-extras\1.2.17\apache-log4j-extras-1.2.17.jar;D:\Program Files\repository_maven\org\antlr\antlr-runtime\3.4\antlr-runtime-3.4.jar;D:\Program Files\repository_maven\org\antlr\stringtemplate\3.2.1\stringtemplate-3.2.1.jar;D:\Program Files\repository_maven\antlr\antlr\2.7.7\antlr-2.7.7.jar;D:\Program Files\repository_maven\org\antlr\ST4\4.0.4\ST4-4.0.4.jar;D:\Program Files\repository_maven\org\apache\ant\ant\1.9.1\ant-1.9.1.jar;D:\Program Files\repository_maven\org\apache\ant\ant-launcher\1.9.1\ant-launcher-1.9.1.jar;D:\Program Files\repository_maven\org\apache\thrift\libfb303\0.9.2\libfb303-0.9.2.jar;D:\Program Files\repository_maven\org\apache\curator\curator-framework\2.6.0\curator-framework-2.6.0.jar;D:\Program Files\repository_maven\org\codehaus\groovy\groovy-all\2.1.6\groovy-all-2.1.6.jar;D:\Program Files\repository_maven\org\datanucleus\datanucleus-core\3.2.10\datanucleus-core-3.2.10.jar;D:\Program Files\repository_maven\org\apache\calcite\calcite-core\1.0.0-incubating\calcite-core-1.0.0-incubating.jar;D:\Program Files\repository_maven\org\apache\calcite\calcite-linq4j\1.0.0-incubating\calcite-linq4j-1.0.0-incubating.jar;D:\Program Files\repository_maven\eigenbase\eigenbase-properties\1.1.4\eigenbase-properties-1.1.4.jar;D:\Program Files\repository_maven\org\codehaus\janino\janino\3.1.3\janino-3.1.3.jar;D:\Program Files\repository_maven\org\codehaus\janino\commons-compiler\3.1.3\commons-compiler-3.1.3.jar;D:\Program Files\repository_maven\org\apache\calcite\calcite-avatica\1.0.0-incubating\calcite-avatica-1.0.0-incubating.jar;D:\Program Files\repository_maven\stax\stax-api\1.0.1\stax-api-1.0.1.jar;D:\Program Files\repository_maven\jline\jline\2.12\jline-2.12.jar;D:\Program Files\repository_maven\org\apache\hive\hive-jdbc\1.1.0\hive-jdbc-1.1.0.jar;D:\Program Files\repository_maven\org\apache\hive\hive-common\1.1.0\hive-common-1.1.0.jar;D:\Program Files\repository_maven\org\apache\hive\hive-service\1.1.0\hive-service-1.1.0.jar;D:\Program Files\repository_maven\net\sf\jpam\jpam\1.1\jpam-1.1.jar;D:\Program Files\repository_maven\org\eclipse\jetty\aggregate\jetty-all\7.6.0.v20120127\jetty-all-7.6.0.v20120127.jar;D:\Program Files\repository_maven\org\apache\geronimo\specs\geronimo-jta_1.1_spec\1.1.1\geronimo-jta_1.1_spec-1.1.1.jar;D:\Program Files\repository_maven\javax\mail\mail\1.4.1\mail-1.4.1.jar;D:\Program Files\repository_maven\javax\activation\activation\1.1\activation-1.1.jar;D:\Program Files\repository_maven\org\apache\geronimo\specs\geronimo-jaspic_1.0_spec\1.0\geronimo-jaspic_1.0_spec-1.0.jar;D:\Program Files\repository_maven\org\apache\geronimo\specs\geronimo-annotation_1.0_spec\1.1.1\geronimo-annotation_1.0_spec-1.1.1.jar;D:\Program Files\repository_maven\asm\asm-commons\3.1\asm-commons-3.1.jar;D:\Program Files\repository_maven\asm\asm-tree\3.1\asm-tree-3.1.jar;D:\Program Files\repository_maven\org\apache\hive\hive-serde\1.1.0\hive-serde-1.1.0.jar;D:\Program Files\repository_maven\net\sf\opencsv\opencsv\2.3\opencsv-2.3.jar;D:\Program Files\repository_maven\com\twitter\parquet-hadoop-bundle\1.6.0rc3\parquet-hadoop-bundle-1.6.0rc3.jar;D:\Program Files\repository_maven\org\apache\httpcomponents\httpclient\4.5.13\httpclient-4.5.13.jar;D:\Program Files\repository_maven\org\apache\httpcomponents\httpcore\4.4.14\httpcore-4.4.14.jar;D:\Program Files\repository_maven\org\apache\thrift\libthrift\0.9.2\libthrift-0.9.2.jar;D:\Program Files\repository_maven\com\alibaba\fastjson\1.2.70\fastjson-1.2.70.jar;D:\Program Files\repository_maven\mysql\mysql-connector-java\5.1.45\mysql-connector-java-5.1.45.jar;D:\Program Files\repository_maven\commons-cli\commons-cli\1.2\commons-cli-1.2.jar;D:\Program Files\repository_maven\com\github\shyiko\mysql-binlog-connector-java\0.20.1\mysql-binlog-connector-java-0.20.1.jar;D:\Program Files\repository_maven\com\youzan\cloud\open-sdk-gen\1.0.22.49667202107091531-RELEASE\open-sdk-gen-1.0.22.49667202107091531-RELEASE.jar;D:\Program Files\repository_maven\com\youzan\cloud\open-sdk-api\1.0.22-RELEASE\open-sdk-api-1.0.22-RELEASE.jar;D:\Program Files\repository_maven\com\youzan\cloud\open-sdk-core\1.0.22-RELEASE\open-sdk-core-1.0.22-RELEASE.jar;D:\Program Files\repository_maven\com\squareup\okhttp3\okhttp\3.14.9\okhttp-3.14.9.jar;D:\Program Files\repository_maven\com\squareup\okio\okio\1.17.2\okio-1.17.2.jar;D:\Program Files\repository_maven\com\youzan\cloud\cloud-open-data-security-client-sdk\1.0.13-RELEASE\cloud-open-data-security-client-sdk-1.0.13-RELEASE.jar;D:\Program Files\repository_maven\com\youzan\cloud\cloud-open-data-security-basic-sdk\1.0.7-RELEASE\cloud-open-data-security-basic-sdk-1.0.7-RELEASE.jar;D:\Program Files\repository_maven\com\youzan\cloud\open-sdk-common\1.0.22-RELEASE\open-sdk-common-1.0.22-RELEASE.jar;"/>
    <property name="sun.cpu.endian" value="little"/>
    <property name="user.home" value="C:\Users\Administrator"/>
    <property name="user.language" value="zh"/>
    <property name="java.specification.vendor" value="Oracle Corporation"/>
    <property name="java.home" value="D:\Program Files\jdk1.8.0_74\jre"/>
    <property name="basedir" value="E:\gitData\wangfuj\audit"/>
    <property name="file.separator" value="\"/>
    <property name="line.separator" value="&#10;"/>
    <property name="java.vm.specification.vendor" value="Oracle Corporation"/>
    <property name="java.specification.name" value="Java Platform API Specification"/>
    <property name="java.awt.graphicsenv" value="sun.awt.Win32GraphicsEnvironment"/>
    <property name="surefire.real.class.path" value="C:\Users\ADMINI~1\AppData\Local\Temp\surefire214447047557962503\surefirebooter3335057354741112832.jar"/>
    <property name="sun.boot.class.path" value="D:\Program Files\jdk1.8.0_74\jre\lib\resources.jar;D:\Program Files\jdk1.8.0_74\jre\lib\rt.jar;D:\Program Files\jdk1.8.0_74\jre\lib\sunrsasign.jar;D:\Program Files\jdk1.8.0_74\jre\lib\jsse.jar;D:\Program Files\jdk1.8.0_74\jre\lib\jce.jar;D:\Program Files\jdk1.8.0_74\jre\lib\charsets.jar;D:\Program Files\jdk1.8.0_74\jre\lib\jfr.jar;D:\Program Files\jdk1.8.0_74\jre\classes"/>
    <property name="user.script" value=""/>
    <property name="sun.management.compiler" value="HotSpot 64-Bit Tiered Compilers"/>
    <property name="java.runtime.version" value="1.8.0_74-b02"/>
    <property name="user.name" value="Administrator"/>
    <property name="path.separator" value=";"/>
    <property name="os.version" value="10.0"/>
    <property name="java.endorsed.dirs" value="D:\Program Files\jdk1.8.0_74\jre\lib\endorsed"/>
    <property name="java.runtime.name" value="Java(TM) SE Runtime Environment"/>
    <property name="file.encoding" value="GBK"/>
    <property name="java.vm.name" value="Java HotSpot(TM) 64-Bit Server VM"/>
    <property name="localRepository" value="D:\Program Files\repository_maven"/>
    <property name="java.vendor.url.bug" value="http://bugreport.sun.com/bugreport/"/>
    <property name="java.io.tmpdir" value="C:\Users\ADMINI~1\AppData\Local\Temp\"/>
    <property name="idea.version" value="2020.3"/>
    <property name="java.version" value="1.8.0_74"/>
    <property name="user.dir" value="E:\gitData\wangfuj\audit"/>
    <property name="os.arch" value="amd64"/>
    <property name="java.vm.specification.name" value="Java Virtual Machine Specification"/>
    <property name="java.awt.printerjob" value="sun.awt.windows.WPrinterJob"/>
    <property name="sun.os.patch.level" value=""/>
    <property name="java.library.path" value="D:\Program Files\jdk1.8.0_74\jre\bin;C:\Windows\Sun\Java\bin;C:\Windows\system32;C:\Windows;C:\Windows\system32;C:\Windows;C:\Windows\System32\Wbem;C:\Windows\System32\WindowsPowerShell\v1.0\;C:\Windows\System32\OpenSSH\;C:\Program Files\dotnet\;D:\Program Files\svn\bin;D:\Program Files\git\Git\cmd;D:\Program Files\node\;C:\ProgramData\chocolatey\bin;C:\Program Files (x86)\Yarn\bin\;D:\Program Files\emacs\emacs-27.1;D:\Program Files\vim\vim82;C:\Program Files\Pandoc\;D:\Program Files\apache-maven-3.6.3\bin;C:\Users\Administrator\AppData\Local\Programs\Python\Python39\Scripts\;C:\Users\Administrator\AppData\Local\Programs\Python\Python39\;C:\Users\Administrator\AppData\Local\Microsoft\WindowsApps;D:\Program Files\jdk1.8.0_74\bin;D:\Program Files\jdk1.8.0_74\sbin;C:\Program Files\Google\Chrome\Application\;C:\Users\Administrator\AppData\Roaming\npm;C:\Users\Administrator\AppData\Local\Yarn\bin;D:\Program Files\emacs\emacs-27.1;D:\Program Files\vim\vim82;D:\Program Files\scala-2.11.5\scala-2.11.5\bin;C:\Users\Administrator\.dotnet\tools;."/>
    <property name="java.vm.info" value="mixed mode"/>
    <property name="java.vendor" value="Oracle Corporation"/>
    <property name="java.vm.version" value="25.74-b02"/>
    <property name="java.ext.dirs" value="D:\Program Files\jdk1.8.0_74\jre\lib\ext;C:\Windows\Sun\Java\lib\ext"/>
    <property name="sun.io.unicode.encoding" value="UnicodeLittle"/>
    <property name="maven.repo.local" value="D:\Program Files\repository_maven"/>
    <property name="java.class.version" value="52.0"/>
  </properties>
  <testcase name="com.rmxc.audit.AuditApplicationTests" classname="com.rmxc.audit.AuditApplicationTests" time="0.289">
    <error message="Unable to find a @SpringBootConfiguration, you need to use @ContextConfiguration or @SpringBootTest(classes=...) with your test" type="java.lang.IllegalStateException">java.lang.IllegalStateException: Unable to find a @SpringBootConfiguration, you need to use @ContextConfiguration or @SpringBootTest(classes=...) with your test
</error>
    <system-out><![CDATA[11:04:38.358 [main] DEBUG org.springframework.test.context.BootstrapUtils - Instantiating CacheAwareContextLoaderDelegate from class [org.springframework.test.context.cache.DefaultCacheAwareContextLoaderDelegate]
11:04:38.369 [main] DEBUG org.springframework.test.context.BootstrapUtils - Instantiating BootstrapContext using constructor [public org.springframework.test.context.support.DefaultBootstrapContext(java.lang.Class,org.springframework.test.context.CacheAwareContextLoaderDelegate)]
11:04:38.400 [main] DEBUG org.springframework.test.context.BootstrapUtils - Instantiating TestContextBootstrapper for test class [com.rmxc.audit.AuditApplicationTests] from class [org.springframework.boot.test.context.SpringBootTestContextBootstrapper]
11:04:38.413 [main] INFO org.springframework.boot.test.context.SpringBootTestContextBootstrapper - Neither @ContextConfiguration nor @ContextHierarchy found for test class [com.rmxc.audit.AuditApplicationTests], using SpringBootContextLoader
11:04:38.417 [main] DEBUG org.springframework.test.context.support.AbstractContextLoader - Did not detect default resource location for test class [com.rmxc.audit.AuditApplicationTests]: class path resource [com/rmxc/audit/AuditApplicationTests-context.xml] does not exist
11:04:38.417 [main] DEBUG org.springframework.test.context.support.AbstractContextLoader - Did not detect default resource location for test class [com.rmxc.audit.AuditApplicationTests]: class path resource [com/rmxc/audit/AuditApplicationTestsContext.groovy] does not exist
11:04:38.417 [main] INFO org.springframework.test.context.support.AbstractContextLoader - Could not detect default resource locations for test class [com.rmxc.audit.AuditApplicationTests]: no resource found for suffixes {-context.xml, Context.groovy}.
11:04:38.419 [main] INFO org.springframework.test.context.support.AnnotationConfigContextLoaderUtils - Could not detect default configuration classes for test class [com.rmxc.audit.AuditApplicationTests]: AuditApplicationTests does not declare any static, non-private, non-final, nested classes annotated with @Configuration.
11:04:38.459 [main] DEBUG org.springframework.test.context.support.ActiveProfilesUtils - Could not find an 'annotation declaring class' for annotation type [org.springframework.test.context.ActiveProfiles] and class [com.rmxc.audit.AuditApplicationTests]
]]></system-out>
    <system-err><![CDATA[SLF4J: Class path contains multiple SLF4J bindings.
SLF4J: Found binding in [jar:file:/D:/Program%20Files/repository_maven/ch/qos/logback/logback-classic/1.2.3/logback-classic-1.2.3.jar!/org/slf4j/impl/StaticLoggerBinder.class]
SLF4J: Found binding in [jar:file:/D:/Program%20Files/repository_maven/org/slf4j/slf4j-log4j12/1.7.30/slf4j-log4j12-1.7.30.jar!/org/slf4j/impl/StaticLoggerBinder.class]
SLF4J: See http://www.slf4j.org/codes.html#multiple_bindings for an explanation.
SLF4J: Actual binding is of type [ch.qos.logback.classic.util.ContextSelectorStaticBinder]
]]></system-err>
  </testcase>
</testsuite>